[0.102s] Invoking command in '/home/kush/UR5_Project_main/build/rviz_marker_tools': CMAKE_PREFIX_PATH=/home/kush/UR5_Project_main/install/moveit_common:/home/kush/UR5_Project_main/install/ur5_moveit:/home/kush/UR5_Project_main/install/ur_description:/home/kush/UR5_Project_main/install/pilz_industrial_motion_planner_testutils:/home/kush/UR5_Project_main/install/moveit_runtime:/home/kush/UR5_Project_main/install/moveit2_tutorials:/home/kush/UR5_Project_main/install/moveit:/home/kush/UR5_Project_main/install/moveit_planners:/home/kush/UR5_Project_main/install/pilz_industrial_motion_planner:/home/kush/UR5_Project_main/install/moveit_visual_tools:/home/kush/UR5_Project_main/install/moveit_task_constructor_visualization:/home/kush/UR5_Project_main/install/moveit_task_constructor_demo:/home/kush/UR5_Project_main/install/moveit_task_constructor_capabilities:/home/kush/UR5_Project_main/install/moveit_task_constructor_core:/home/kush/UR5_Project_main/install/moveit_ros_control_interface:/home/kush/UR5_Project_main/install/moveit_plugins:/home/kush/UR5_Project_main/install/moveit_simple_controller_manager:/home/kush/UR5_Project_main/install/moveit_setup_assistant:/home/kush/UR5_Project_main/install/moveit_setup_srdf_plugins:/home/kush/UR5_Project_main/install/moveit_setup_core_plugins:/home/kush/UR5_Project_main/install/moveit_setup_controllers:/home/kush/UR5_Project_main/install/moveit_setup_app_plugins:/home/kush/UR5_Project_main/install/moveit_setup_framework:/home/kush/UR5_Project_main/install/moveit_servo:/home/kush/UR5_Project_main/install/moveit_ros:/home/kush/UR5_Project_main/install/moveit_ros_visualization:/home/kush/UR5_Project_main/install/moveit_hybrid_planning:/home/kush/UR5_Project_main/install/moveit_ros_planning_interface:/home/kush/UR5_Project_main/install/moveit_ros_benchmarks:/home/kush/UR5_Project_main/install/moveit_ros_warehouse:/home/kush/UR5_Project_main/install/moveit_ros_robot_interaction:/home/kush/UR5_Project_main/install/moveit_ros_perception:/home/kush/UR5_Project_main/install/moveit_resources_prbt_pg70_support:/home/kush/UR5_Project_main/install/moveit_resources_prbt_moveit_config:/home/kush/UR5_Project_main/install/moveit_ros_move_group:/home/kush/UR5_Project_main/install/moveit_planners_ompl:/home/kush/UR5_Project_main/install/moveit_ros_planning:/home/kush/UR5_Project_main/install/moveit_ros_occupancy_map_monitor:/home/kush/UR5_Project_main/install/moveit_resources_prbt_ikfast_manipulator_plugin:/home/kush/UR5_Project_main/install/moveit_planners_chomp:/home/kush/UR5_Project_main/install/moveit_kinematics:/home/kush/UR5_Project_main/install/moveit_chomp_optimizer_adapter:/home/kush/UR5_Project_main/install/chomp_motion_planner:/home/kush/UR5_Project_main/install/moveit_core:/home/kush/UR5_Project_main/install/srdfdom:/home/kush/UR5_Project_main/install/rviz_marker_tools:/home/kush/UR5_Project_main/install/rosparam_shortcuts:/home/kush/UR5_Project_main/install/moveit_task_constructor_msgs:/home/kush/UR5_Project_main/install/moveit_resources_prbt_support:/home/kush/UR5_Project_main/install/moveit_resources:/home/kush/UR5_Project_main/install/moveit_resources_pr2_description:/home/kush/UR5_Project_main/install/moveit_resources_panda_moveit_config:/home/kush/UR5_Project_main/install/moveit_resources_panda_description:/home/kush/UR5_Project_main/install/moveit_resources_fanuc_moveit_config:/home/kush/UR5_Project_main/install/moveit_resources_fanuc_description:/home/kush/ws_moveit2_ur5/install/ur_description:/home/kush/ws_moveit2_ur5/install/pilz_industrial_motion_planner_testutils:/home/kush/ws_moveit2_ur5/install/moveit_runtime:/home/kush/ws_moveit2_ur5/install/moveit2_tutorials:/home/kush/ws_moveit2_ur5/install/moveit:/home/kush/ws_moveit2_ur5/install/moveit_planners:/home/kush/ws_moveit2_ur5/install/pilz_industrial_motion_planner:/home/kush/ws_moveit2_ur5/install/moveit_visual_tools:/home/kush/ws_moveit2_ur5/install/moveit_task_constructor_visualization:/home/kush/ws_moveit2_ur5/install/moveit_task_constructor_demo:/home/kush/ws_moveit2_ur5/install/moveit_task_constructor_capabilities:/home/kush/ws_moveit2_ur5/install/moveit_task_constructor_core:/home/kush/ws_moveit2_ur5/install/moveit_ros_control_interface:/home/kush/ws_moveit2_ur5/install/moveit_plugins:/home/kush/ws_moveit2_ur5/install/moveit_simple_controller_manager:/home/kush/ws_moveit2_ur5/install/moveit_setup_assistant:/home/kush/ws_moveit2_ur5/install/moveit_setup_srdf_plugins:/home/kush/ws_moveit2_ur5/install/moveit_setup_core_plugins:/home/kush/ws_moveit2_ur5/install/moveit_setup_controllers:/home/kush/ws_moveit2_ur5/install/moveit_setup_app_plugins:/home/kush/ws_moveit2_ur5/install/moveit_setup_framework:/home/kush/ws_moveit2_ur5/install/moveit_servo:/home/kush/ws_moveit2_ur5/install/moveit_ros:/home/kush/ws_moveit2_ur5/install/moveit_ros_visualization:/home/kush/ws_moveit2_ur5/install/moveit_hybrid_planning:/home/kush/ws_moveit2_ur5/install/moveit_ros_planning_interface:/home/kush/ws_moveit2_ur5/install/moveit_ros_benchmarks:/home/kush/ws_moveit2_ur5/install/moveit_ros_warehouse:/home/kush/ws_moveit2_ur5/install/moveit_ros_robot_interaction:/home/kush/ws_moveit2_ur5/install/moveit_ros_perception:/home/kush/ws_moveit2_ur5/install/moveit_resources_prbt_pg70_support:/home/kush/ws_moveit2_ur5/install/moveit_resources_prbt_moveit_config:/home/kush/ws_moveit2_ur5/install/moveit_ros_move_group:/home/kush/ws_moveit2_ur5/install/moveit_planners_ompl:/home/kush/ws_moveit2_ur5/install/moveit_ros_planning:/home/kush/ws_moveit2_ur5/install/moveit_ros_occupancy_map_monitor:/home/kush/ws_moveit2_ur5/install/moveit_resources_prbt_ikfast_manipulator_plugin:/home/kush/ws_moveit2_ur5/install/moveit_planners_chomp:/home/kush/ws_moveit2_ur5/install/moveit_kinematics:/home/kush/ws_moveit2_ur5/install/moveit_chomp_optimizer_adapter:/home/kush/ws_moveit2_ur5/install/chomp_motion_planner:/home/kush/ws_moveit2_ur5/install/moveit_core:/home/kush/ws_moveit2_ur5/install/srdfdom:/home/kush/ws_moveit2_ur5/install/rviz_marker_tools:/home/kush/ws_moveit2_ur5/install/rosparam_shortcuts:/home/kush/ws_moveit2_ur5/install/moveit_task_constructor_msgs:/home/kush/ws_moveit2_ur5/install/moveit_resources_prbt_support:/home/kush/ws_moveit2_ur5/install/moveit_resources:/home/kush/ws_moveit2_ur5/install/moveit_resources_pr2_description:/home/kush/ws_moveit2_ur5/install/moveit_resources_panda_moveit_config:/home/kush/ws_moveit2_ur5/install/moveit_resources_panda_description:/home/kush/ws_moveit2_ur5/install/moveit_resources_fanuc_moveit_config:/home/kush/ws_moveit2_ur5/install/moveit_resources_fanuc_description:/home/kush/ws_moveit2_ur5/install/moveit_common:/home/kush/UR5_Project_main/install/moveit_configs_utils:/home/kush/UR5_Project_main/install/launch_param_builder:/home/kush/ws_moveit2_ur5/install/moveit_configs_utils:/home/kush/ws_moveit2_ur5/install/launch_param_builder:/opt/ros/humble /usr/bin/cmake --build /home/kush/UR5_Project_main/build/rviz_marker_tools -- -j4 -l4
[3.275s] [100%] Built target rviz_marker_tools
[3.361s] Invoked command in '/home/kush/UR5_Project_main/build/rviz_marker_tools' returned '0': CMAKE_PREFIX_PATH=/home/kush/UR5_Project_main/install/moveit_common:/home/kush/UR5_Project_main/install/ur5_moveit:/home/kush/UR5_Project_main/install/ur_description:/home/kush/UR5_Project_main/install/pilz_industrial_motion_planner_testutils:/home/kush/UR5_Project_main/install/moveit_runtime:/home/kush/UR5_Project_main/install/moveit2_tutorials:/home/kush/UR5_Project_main/install/moveit:/home/kush/UR5_Project_main/install/moveit_planners:/home/kush/UR5_Project_main/install/pilz_industrial_motion_planner:/home/kush/UR5_Project_main/install/moveit_visual_tools:/home/kush/UR5_Project_main/install/moveit_task_constructor_visualization:/home/kush/UR5_Project_main/install/moveit_task_constructor_demo:/home/kush/UR5_Project_main/install/moveit_task_constructor_capabilities:/home/kush/UR5_Project_main/install/moveit_task_constructor_core:/home/kush/UR5_Project_main/install/moveit_ros_control_interface:/home/kush/UR5_Project_main/install/moveit_plugins:/home/kush/UR5_Project_main/install/moveit_simple_controller_manager:/home/kush/UR5_Project_main/install/moveit_setup_assistant:/home/kush/UR5_Project_main/install/moveit_setup_srdf_plugins:/home/kush/UR5_Project_main/install/moveit_setup_core_plugins:/home/kush/UR5_Project_main/install/moveit_setup_controllers:/home/kush/UR5_Project_main/install/moveit_setup_app_plugins:/home/kush/UR5_Project_main/install/moveit_setup_framework:/home/kush/UR5_Project_main/install/moveit_servo:/home/kush/UR5_Project_main/install/moveit_ros:/home/kush/UR5_Project_main/install/moveit_ros_visualization:/home/kush/UR5_Project_main/install/moveit_hybrid_planning:/home/kush/UR5_Project_main/install/moveit_ros_planning_interface:/home/kush/UR5_Project_main/install/moveit_ros_benchmarks:/home/kush/UR5_Project_main/install/moveit_ros_warehouse:/home/kush/UR5_Project_main/install/moveit_ros_robot_interaction:/home/kush/UR5_Project_main/install/moveit_ros_perception:/home/kush/UR5_Project_main/install/moveit_resources_prbt_pg70_support:/home/kush/UR5_Project_main/install/moveit_resources_prbt_moveit_config:/home/kush/UR5_Project_main/install/moveit_ros_move_group:/home/kush/UR5_Project_main/install/moveit_planners_ompl:/home/kush/UR5_Project_main/install/moveit_ros_planning:/home/kush/UR5_Project_main/install/moveit_ros_occupancy_map_monitor:/home/kush/UR5_Project_main/install/moveit_resources_prbt_ikfast_manipulator_plugin:/home/kush/UR5_Project_main/install/moveit_planners_chomp:/home/kush/UR5_Project_main/install/moveit_kinematics:/home/kush/UR5_Project_main/install/moveit_chomp_optimizer_adapter:/home/kush/UR5_Project_main/install/chomp_motion_planner:/home/kush/UR5_Project_main/install/moveit_core:/home/kush/UR5_Project_main/install/srdfdom:/home/kush/UR5_Project_main/install/rviz_marker_tools:/home/kush/UR5_Project_main/install/rosparam_shortcuts:/home/kush/UR5_Project_main/install/moveit_task_constructor_msgs:/home/kush/UR5_Project_main/install/moveit_resources_prbt_support:/home/kush/UR5_Project_main/install/moveit_resources:/home/kush/UR5_Project_main/install/moveit_resources_pr2_description:/home/kush/UR5_Project_main/install/moveit_resources_panda_moveit_config:/home/kush/UR5_Project_main/install/moveit_resources_panda_description:/home/kush/UR5_Project_main/install/moveit_resources_fanuc_moveit_config:/home/kush/UR5_Project_main/install/moveit_resources_fanuc_description:/home/kush/ws_moveit2_ur5/install/ur_description:/home/kush/ws_moveit2_ur5/install/pilz_industrial_motion_planner_testutils:/home/kush/ws_moveit2_ur5/install/moveit_runtime:/home/kush/ws_moveit2_ur5/install/moveit2_tutorials:/home/kush/ws_moveit2_ur5/install/moveit:/home/kush/ws_moveit2_ur5/install/moveit_planners:/home/kush/ws_moveit2_ur5/install/pilz_industrial_motion_planner:/home/kush/ws_moveit2_ur5/install/moveit_visual_tools:/home/kush/ws_moveit2_ur5/install/moveit_task_constructor_visualization:/home/kush/ws_moveit2_ur5/install/moveit_task_constructor_demo:/home/kush/ws_moveit2_ur5/install/moveit_task_constructor_capabilities:/home/kush/ws_moveit2_ur5/install/moveit_task_constructor_core:/home/kush/ws_moveit2_ur5/install/moveit_ros_control_interface:/home/kush/ws_moveit2_ur5/install/moveit_plugins:/home/kush/ws_moveit2_ur5/install/moveit_simple_controller_manager:/home/kush/ws_moveit2_ur5/install/moveit_setup_assistant:/home/kush/ws_moveit2_ur5/install/moveit_setup_srdf_plugins:/home/kush/ws_moveit2_ur5/install/moveit_setup_core_plugins:/home/kush/ws_moveit2_ur5/install/moveit_setup_controllers:/home/kush/ws_moveit2_ur5/install/moveit_setup_app_plugins:/home/kush/ws_moveit2_ur5/install/moveit_setup_framework:/home/kush/ws_moveit2_ur5/install/moveit_servo:/home/kush/ws_moveit2_ur5/install/moveit_ros:/home/kush/ws_moveit2_ur5/install/moveit_ros_visualization:/home/kush/ws_moveit2_ur5/install/moveit_hybrid_planning:/home/kush/ws_moveit2_ur5/install/moveit_ros_planning_interface:/home/kush/ws_moveit2_ur5/install/moveit_ros_benchmarks:/home/kush/ws_moveit2_ur5/install/moveit_ros_warehouse:/home/kush/ws_moveit2_ur5/install/moveit_ros_robot_interaction:/home/kush/ws_moveit2_ur5/install/moveit_ros_perception:/home/kush/ws_moveit2_ur5/install/moveit_resources_prbt_pg70_support:/home/kush/ws_moveit2_ur5/install/moveit_resources_prbt_moveit_config:/home/kush/ws_moveit2_ur5/install/moveit_ros_move_group:/home/kush/ws_moveit2_ur5/install/moveit_planners_ompl:/home/kush/ws_moveit2_ur5/install/moveit_ros_planning:/home/kush/ws_moveit2_ur5/install/moveit_ros_occupancy_map_monitor:/home/kush/ws_moveit2_ur5/install/moveit_resources_prbt_ikfast_manipulator_plugin:/home/kush/ws_moveit2_ur5/install/moveit_planners_chomp:/home/kush/ws_moveit2_ur5/install/moveit_kinematics:/home/kush/ws_moveit2_ur5/install/moveit_chomp_optimizer_adapter:/home/kush/ws_moveit2_ur5/install/chomp_motion_planner:/home/kush/ws_moveit2_ur5/install/moveit_core:/home/kush/ws_moveit2_ur5/install/srdfdom:/home/kush/ws_moveit2_ur5/install/rviz_marker_tools:/home/kush/ws_moveit2_ur5/install/rosparam_shortcuts:/home/kush/ws_moveit2_ur5/install/moveit_task_constructor_msgs:/home/kush/ws_moveit2_ur5/install/moveit_resources_prbt_support:/home/kush/ws_moveit2_ur5/install/moveit_resources:/home/kush/ws_moveit2_ur5/install/moveit_resources_pr2_description:/home/kush/ws_moveit2_ur5/install/moveit_resources_panda_moveit_config:/home/kush/ws_moveit2_ur5/install/moveit_resources_panda_description:/home/kush/ws_moveit2_ur5/install/moveit_resources_fanuc_moveit_config:/home/kush/ws_moveit2_ur5/install/moveit_resources_fanuc_description:/home/kush/ws_moveit2_ur5/install/moveit_common:/home/kush/UR5_Project_main/install/moveit_configs_utils:/home/kush/UR5_Project_main/install/launch_param_builder:/home/kush/ws_moveit2_ur5/install/moveit_configs_utils:/home/kush/ws_moveit2_ur5/install/launch_param_builder:/opt/ros/humble /usr/bin/cmake --build /home/kush/UR5_Project_main/build/rviz_marker_tools -- -j4 -l4
[3.987s] Traceback (most recent call last):
  File "/usr/lib/python3/dist-packages/colcon_parallel_executor/executor/parallel.py", line 67, in execute
    loop.run_until_complete(future)
  File "/usr/lib/python3.10/asyncio/base_events.py", line 636, in run_until_complete
    self.run_forever()
  File "/usr/lib/python3.10/asyncio/base_events.py", line 603, in run_forever
    self._run_once()
  File "/usr/lib/python3.10/asyncio/base_events.py", line 1871, in _run_once
    event_list = self._selector.select(timeout)
  File "/usr/lib/python3.10/selectors.py", line 469, in select
    fd_event_list = self._selector.poll(timeout, max_ev)
KeyboardInterrupt

During handling of the above exception, another exception occurred:

Traceback (most recent call last):
  File "/usr/lib/python3/dist-packages/colcon_core/executor/__init__.py", line 91, in __call__
    rc = await self.task(*args, **kwargs)
  File "/usr/lib/python3/dist-packages/colcon_core/task/__init__.py", line 93, in __call__
    return await task_method(*args, **kwargs)
  File "/usr/lib/python3/dist-packages/colcon_ros/task/ament_cmake/build.py", line 59, in build
    rc = await extension.build(
  File "/usr/lib/python3/dist-packages/colcon_cmake/task/cmake/build.py", line 110, in build
    if await has_target(args.build_base, 'install'):
  File "/usr/lib/python3/dist-packages/colcon_cmake/task/cmake/__init__.py", line 57, in has_target
    return target in await get_makefile_targets(path)
  File "/usr/lib/python3/dist-packages/colcon_cmake/task/cmake/__init__.py", line 77, in get_makefile_targets
    output = await check_output([
  File "/usr/lib/python3/dist-packages/colcon_core/subprocess.py", line 128, in check_output
    assert not rc, f'Expected {args} to pass: {stderr_data}'
AssertionError: Expected ['/usr/bin/cmake', '--build', '/home/kush/UR5_Project_main/build/rviz_marker_tools', '--target', 'help'] to pass: gmake: *** [Makefile:254: help] Interrupt

