-- Install configuration: "Release"
-- Up-to-date: /home/kush/UR5_Project_main/install/moveit_resources_panda_description/share/ament_index/resource_index/package_run_dependencies/moveit_resources_panda_description
-- Up-to-date: /home/kush/UR5_Project_main/install/moveit_resources_panda_description/share/ament_index/resource_index/parent_prefix_path/moveit_resources_panda_description
-- Up-to-date: /home/kush/UR5_Project_main/install/moveit_resources_panda_description/share/moveit_resources_panda_description/environment/ament_prefix_path.sh
-- Up-to-date: /home/kush/UR5_Project_main/install/moveit_resources_panda_description/share/moveit_resources_panda_description/environment/ament_prefix_path.dsv
-- Up-to-date: /home/kush/UR5_Project_main/install/moveit_resources_panda_description/share/moveit_resources_panda_description/environment/path.sh
-- Up-to-date: /home/kush/UR5_Project_main/install/moveit_resources_panda_description/share/moveit_resources_panda_description/environment/path.dsv
-- Up-to-date: /home/kush/UR5_Project_main/install/moveit_resources_panda_description/share/moveit_resources_panda_description/local_setup.bash
-- Up-to-date: /home/kush/UR5_Project_main/install/moveit_resources_panda_description/share/moveit_resources_panda_description/local_setup.sh
-- Up-to-date: /home/kush/UR5_Project_main/install/moveit_resources_panda_description/share/moveit_resources_panda_description/local_setup.zsh
-- Up-to-date: /home/kush/UR5_Project_main/install/moveit_resources_panda_description/share/moveit_resources_panda_description/local_setup.dsv
-- Installing: /home/kush/UR5_Project_main/install/moveit_resources_panda_description/share/moveit_resources_panda_description/package.dsv
-- Up-to-date: /home/kush/UR5_Project_main/install/moveit_resources_panda_description/share/ament_index/resource_index/packages/moveit_resources_panda_description
-- Up-to-date: /home/kush/UR5_Project_main/install/moveit_resources_panda_description/share/moveit_resources_panda_description/cmake/moveit_resources_panda_descriptionConfig.cmake
-- Up-to-date: /home/kush/UR5_Project_main/install/moveit_resources_panda_description/share/moveit_resources_panda_description/cmake/moveit_resources_panda_descriptionConfig-version.cmake
-- Up-to-date: /home/kush/UR5_Project_main/install/moveit_resources_panda_description/share/moveit_resources_panda_description/package.xml
-- Up-to-date: /home/kush/UR5_Project_main/install/moveit_resources_panda_description/share/moveit_resources_panda_description/meshes
-- Up-to-date: /home/kush/UR5_Project_main/install/moveit_resources_panda_description/share/moveit_resources_panda_description/meshes/visual
-- Up-to-date: /home/kush/UR5_Project_main/install/moveit_resources_panda_description/share/moveit_resources_panda_description/meshes/visual/link1.dae
-- Up-to-date: /home/kush/UR5_Project_main/install/moveit_resources_panda_description/share/moveit_resources_panda_description/meshes/visual/link7.dae
-- Up-to-date: /home/kush/UR5_Project_main/install/moveit_resources_panda_description/share/moveit_resources_panda_description/meshes/visual/link2.dae
-- Up-to-date: /home/kush/UR5_Project_main/install/moveit_resources_panda_description/share/moveit_resources_panda_description/meshes/visual/finger.dae
-- Up-to-date: /home/kush/UR5_Project_main/install/moveit_resources_panda_description/share/moveit_resources_panda_description/meshes/visual/link5.dae
-- Up-to-date: /home/kush/UR5_Project_main/install/moveit_resources_panda_description/share/moveit_resources_panda_description/meshes/visual/link0.dae
-- Up-to-date: /home/kush/UR5_Project_main/install/moveit_resources_panda_description/share/moveit_resources_panda_description/meshes/visual/link6.dae
-- Up-to-date: /home/kush/UR5_Project_main/install/moveit_resources_panda_description/share/moveit_resources_panda_description/meshes/visual/link4.dae
-- Up-to-date: /home/kush/UR5_Project_main/install/moveit_resources_panda_description/share/moveit_resources_panda_description/meshes/visual/hand.dae
-- Up-to-date: /home/kush/UR5_Project_main/install/moveit_resources_panda_description/share/moveit_resources_panda_description/meshes/visual/link3.dae
-- Up-to-date: /home/kush/UR5_Project_main/install/moveit_resources_panda_description/share/moveit_resources_panda_description/meshes/collision
-- Up-to-date: /home/kush/UR5_Project_main/install/moveit_resources_panda_description/share/moveit_resources_panda_description/meshes/collision/finger.stl
-- Up-to-date: /home/kush/UR5_Project_main/install/moveit_resources_panda_description/share/moveit_resources_panda_description/meshes/collision/link3.stl
-- Up-to-date: /home/kush/UR5_Project_main/install/moveit_resources_panda_description/share/moveit_resources_panda_description/meshes/collision/link2.stl
-- Up-to-date: /home/kush/UR5_Project_main/install/moveit_resources_panda_description/share/moveit_resources_panda_description/meshes/collision/link7.stl
-- Up-to-date: /home/kush/UR5_Project_main/install/moveit_resources_panda_description/share/moveit_resources_panda_description/meshes/collision/link4.stl
-- Up-to-date: /home/kush/UR5_Project_main/install/moveit_resources_panda_description/share/moveit_resources_panda_description/meshes/collision/hand.stl
-- Up-to-date: /home/kush/UR5_Project_main/install/moveit_resources_panda_description/share/moveit_resources_panda_description/meshes/collision/link1.stl
-- Up-to-date: /home/kush/UR5_Project_main/install/moveit_resources_panda_description/share/moveit_resources_panda_description/meshes/collision/link0.stl
-- Up-to-date: /home/kush/UR5_Project_main/install/moveit_resources_panda_description/share/moveit_resources_panda_description/meshes/collision/link6.stl
-- Up-to-date: /home/kush/UR5_Project_main/install/moveit_resources_panda_description/share/moveit_resources_panda_description/meshes/collision/link5.stl
-- Up-to-date: /home/kush/UR5_Project_main/install/moveit_resources_panda_description/share/moveit_resources_panda_description/urdf
-- Up-to-date: /home/kush/UR5_Project_main/install/moveit_resources_panda_description/share/moveit_resources_panda_description/urdf/panda.urdf
Traceback (most recent call last):
  File "/usr/lib/python3/dist-packages/colcon_parallel_executor/executor/parallel.py", line 67, in execute
    loop.run_until_complete(future)
  File "/usr/lib/python3.10/asyncio/base_events.py", line 636, in run_until_complete
    self.run_forever()
  File "/usr/lib/python3.10/asyncio/base_events.py", line 603, in run_forever
    self._run_once()
  File "/usr/lib/python3.10/asyncio/base_events.py", line 1871, in _run_once
    event_list = self._selector.select(timeout)
  File "/usr/lib/python3.10/selectors.py", line 469, in select
    fd_event_list = self._selector.poll(timeout, max_ev)
KeyboardInterrupt

During handling of the above exception, another exception occurred:

Traceback (most recent call last):
  File "/usr/lib/python3/dist-packages/colcon_core/executor/__init__.py", line 91, in __call__
    rc = await self.task(*args, **kwargs)
  File "/usr/lib/python3/dist-packages/colcon_core/task/__init__.py", line 93, in __call__
    return await task_method(*args, **kwargs)
  File "/usr/lib/python3/dist-packages/colcon_ros/task/ament_cmake/build.py", line 65, in build
    has_install_target = await has_target(args.build_base, 'install')
  File "/usr/lib/python3/dist-packages/colcon_cmake/task/cmake/__init__.py", line 57, in has_target
    return target in await get_makefile_targets(path)
  File "/usr/lib/python3/dist-packages/colcon_cmake/task/cmake/__init__.py", line 77, in get_makefile_targets
    output = await check_output([
  File "/usr/lib/python3/dist-packages/colcon_core/subprocess.py", line 128, in check_output
    assert not rc, f'Expected {args} to pass: {stderr_data}'
AssertionError: Expected ['/usr/bin/cmake', '--build', '/home/kush/UR5_Project_main/build/moveit_resources_panda_description', '--target', 'help'] to pass: gmake: *** [Makefile:204: help] Interrupt

